<?xml version="1.0" encoding="UTF-8"?>
<!-- Generated by org.testng.reporters.JUnitXMLReporter -->
<testsuite ignored="0" hostname="Saurabh" failures="0" tests="3" name="Amazon Functionality Testing" time="395.356" errors="0" timestamp="2024-09-30T23:58:51 IST">
  <testcase classname="unit_testing.TC001_AccountRegistrationTest" name="verify_Account_Registration" time="48.131"/>
  <testcase classname="unit_testing.TC002_MobilePage" name="mobilePage" time="201.384"/>
  <testcase classname="unit_testing.TC003_SearchProduct" name="mobilePage" time="33.602"/>
</testsuite> <!-- Amazon Functionality Testing -->
