<?xml version="1.0" encoding="UTF-8"?>
<!-- Generated by org.testng.reporters.JUnitXMLReporter -->
<testsuite ignored="0" hostname="Saurabh" failures="0" tests="1" name="Firefoxtest" time="50.8" errors="0" timestamp="2024-09-29T23:48:57 IST">
  <testcase classname="testBase.BaseClass" name="@AfterMethod tearDownMethod" time="0.977">
    <failure type="java.io.FileNotFoundException" message="C:\Users\smira\eclipse-workspace\Amazon-Automation-HybridTestng-project\.\test-recordings\VerifyProdutText.mp4 (The system cannot find the file specified)">
      <![CDATA[java.io.FileNotFoundException: C:\Users\smira\eclipse-workspace\Amazon-Automation-HybridTestng-project\.\test-recordings\VerifyProdutText.mp4 (The system cannot find the file specified)
at java.base/java.io.FileInputStream.open0(Native Method)
at java.base/java.io.FileInputStream.open(FileInputStream.java:213)
at java.base/java.io.FileInputStream.<init>(FileInputStream.java:152)
at java.base/java.io.FileInputStream.<init>(FileInputStream.java:106)
at java.base/sun.net.www.protocol.file.FileURLConnection.connect(FileURLConnection.java:84)
at java.base/sun.net.www.protocol.file.FileURLConnection.getInputStream(FileURLConnection.java:186)
at java.base/java.net.URL.openStream(URL.java:1325)
at testBase.BaseClass.tearDownMethod(BaseClass.java:63)
at java.base/java.util.ArrayList.forEach(ArrayList.java:1597)
at java.base/java.util.concurrent.FutureTask.run(FutureTask.java:317)
at java.base/java.util.concurrent.ThreadPoolExecutor.runWorker(ThreadPoolExecutor.java:1144)
at java.base/java.util.concurrent.ThreadPoolExecutor$Worker.run(ThreadPoolExecutor.java:642)
at java.base/java.lang.Thread.run(Thread.java:1570)
... Removed 20 stack frames]]>
    </failure>
  </testcase> <!-- @AfterMethod tearDownMethod -->
  <testcase classname="regression_Testing.TC001_VerifyProducttextAvailable" name="VerifyProdutText" time="0.0">
    <skipped/>
  </testcase> <!-- VerifyProdutText -->
</testsuite> <!-- Firefoxtest -->
