<?xml version="1.0" encoding="UTF-8"?>
<!-- Generated by org.testng.reporters.JUnitXMLReporter -->
<testsuite ignored="0" hostname="Saurabh" failures="0" tests="3" name="Test" time="213.903" errors="0" timestamp="2024-09-14T17:47:28 IST">
  <testcase classname="testCases.TC001_AccountRegistrationTest" name="verify_Account_Registration" time="48.135"/>
  <testcase classname="testCases.TC002_MobilePage" name="mobilePage" time="53.606"/>
  <testcase classname="testCases.TC003_SearchProduct" name="mobilePage" time="33.105"/>
</testsuite> <!-- Test -->
