<?xml version="1.0" encoding="UTF-8"?>
<!-- Generated by org.testng.reporters.JUnitXMLReporter -->
<testsuite ignored="0" hostname="Saurabh" failures="0" tests="3" name="chromeTest" time="274.676" errors="0" timestamp="2024-09-14T17:38:52 IST">
  <testcase classname="testCases.TC001_AccountRegistrationTest" name="verify_Account_Registration" time="93.7"/>
  <testcase classname="testCases.TC002_MobilePage" name="mobilePage" time="51.453"/>
  <testcase classname="testCases.TC003_SearchProduct" name="mobilePage" time="37.948"/>
</testsuite> <!-- chromeTest -->
