<?xml version="1.0" encoding="UTF-8"?>
<!-- Generated by org.testng.reporters.JUnitXMLReporter -->
<testsuite ignored="0" hostname="Saurabh" failures="0" tests="7" name="Test" time="366.591" errors="0" timestamp="2024-10-01T14:24:12 IST">
  <testcase classname="regression_Testing.TC001_VerifyProducttextAvailable" name="VerifyProdutText" time="53.085"/>
  <testcase classname="regression_Testing.TC002_Verify_All_Menu" name="HomePageMenu" time="24.313"/>
  <testcase classname="unit_testing.TC001_AccountRegistrationTest" name="verify_Account_Registration" time="47.642"/>
  <testcase classname="unit_testing.TC002_MobilePage" name="mobilePage" time="65.501"/>
  <testcase classname="unit_testing.TC003_SearchProduct" name="mobilePage" time="29.639"/>
  <testcase classname="unit_testing.TC005_Verify_Location_Functionality" name="VerifyLocationFunctionality" time="21.089"/>
  <testcase classname="unit_testing.TC006_Verify_AmazonLogo" name="verify_Amazon_Logo" time="0.262"/>
</testsuite> <!-- Test -->
