<?xml version="1.0" encoding="UTF-8"?>
<testng-results ignored="0" total="3" passed="3" failed="0" skipped="0">
  <reporter-output>
  </reporter-output>
  <suite started-at="2024-09-14T17:43:53 IST" name="Master Suite" finished-at="2024-09-14T17:47:27 IST" duration-ms="213903">
    <groups>
      <group name="SmokeTesting">
        <method signature="TC002_MobilePage.mobilePage()[pri:2, instance:testCases.TC002_MobilePage@6b7d1df8]" name="mobilePage" class="testCases.TC002_MobilePage"/>
        <method signature="TC003_SearchProduct.mobilePage()[pri:3, instance:testCases.TC003_SearchProduct@3044e9c7]" name="mobilePage" class="testCases.TC003_SearchProduct"/>
      </group> <!-- SmokeTesting -->
      <group name="Master">
        <method signature="TC001_AccountRegistrationTest.verify_Account_Registration()[pri:1, instance:testCases.TC001_AccountRegistrationTest@3d7cc3cb]" name="verify_Account_Registration" class="testCases.TC001_AccountRegistrationTest"/>
        <method signature="TC002_MobilePage.mobilePage()[pri:2, instance:testCases.TC002_MobilePage@6b7d1df8]" name="mobilePage" class="testCases.TC002_MobilePage"/>
        <method signature="TC003_SearchProduct.mobilePage()[pri:3, instance:testCases.TC003_SearchProduct@3044e9c7]" name="mobilePage" class="testCases.TC003_SearchProduct"/>
      </group> <!-- Master -->
      <group name="UnitTesting">
        <method signature="TC001_AccountRegistrationTest.verify_Account_Registration()[pri:1, instance:testCases.TC001_AccountRegistrationTest@3d7cc3cb]" name="verify_Account_Registration" class="testCases.TC001_AccountRegistrationTest"/>
      </group> <!-- UnitTesting -->
    </groups>
    <test started-at="2024-09-14T17:43:53 IST" name="Test" finished-at="2024-09-14T17:47:27 IST" duration-ms="213903">
      <class name="testCases.TC002_MobilePage">
        <test-method is-config="true" signature="setup(java.lang.String,java.lang.String)[pri:0, instance:testCases.TC002_MobilePage@6b7d1df8]" started-at="2024-09-14T17:45:07 IST" name="setup" finished-at="2024-09-14T17:45:26 IST" duration-ms="19391" status="PASS">
          <params>
            <param index="0">
              <value>
                <![CDATA[Windows]]>
              </value>
            </param>
            <param index="1">
              <value>
                <![CDATA[chrome]]>
              </value>
            </param>
          </params>
          <reporter-output>
          </reporter-output>
        </test-method> <!-- setup -->
        <test-method signature="mobilePage()[pri:2, instance:testCases.TC002_MobilePage@6b7d1df8]" started-at="2024-09-14T17:45:26 IST" name="mobilePage" finished-at="2024-09-14T17:46:20 IST" duration-ms="53606" status="PASS">
          <reporter-output>
          </reporter-output>
        </test-method> <!-- mobilePage -->
        <test-method is-config="true" signature="teardown()[pri:0, instance:testCases.TC002_MobilePage@6b7d1df8]" started-at="2024-09-14T17:46:20 IST" name="teardown" finished-at="2024-09-14T17:46:28 IST" duration-ms="8358" status="PASS">
          <reporter-output>
          </reporter-output>
        </test-method> <!-- teardown -->
      </class> <!-- testCases.TC002_MobilePage -->
      <class name="testCases.TC001_AccountRegistrationTest">
        <test-method is-config="true" signature="setup(java.lang.String,java.lang.String)[pri:0, instance:testCases.TC001_AccountRegistrationTest@3d7cc3cb]" started-at="2024-09-14T17:43:54 IST" name="setup" finished-at="2024-09-14T17:44:10 IST" duration-ms="16573" status="PASS">
          <params>
            <param index="0">
              <value>
                <![CDATA[Windows]]>
              </value>
            </param>
            <param index="1">
              <value>
                <![CDATA[chrome]]>
              </value>
            </param>
          </params>
          <reporter-output>
          </reporter-output>
        </test-method> <!-- setup -->
        <test-method signature="verify_Account_Registration()[pri:1, instance:testCases.TC001_AccountRegistrationTest@3d7cc3cb]" started-at="2024-09-14T17:44:10 IST" name="verify_Account_Registration" finished-at="2024-09-14T17:44:58 IST" duration-ms="48135" status="PASS">
          <reporter-output>
          </reporter-output>
        </test-method> <!-- verify_Account_Registration -->
        <test-method is-config="true" signature="teardown()[pri:0, instance:testCases.TC001_AccountRegistrationTest@3d7cc3cb]" started-at="2024-09-14T17:44:58 IST" name="teardown" finished-at="2024-09-14T17:45:07 IST" duration-ms="8369" status="PASS">
          <reporter-output>
          </reporter-output>
        </test-method> <!-- teardown -->
      </class> <!-- testCases.TC001_AccountRegistrationTest -->
      <class name="testCases.TC003_SearchProduct">
        <test-method is-config="true" signature="setup(java.lang.String,java.lang.String)[pri:0, instance:testCases.TC003_SearchProduct@3044e9c7]" started-at="2024-09-14T17:46:28 IST" name="setup" finished-at="2024-09-14T17:46:46 IST" duration-ms="17572" status="PASS">
          <params>
            <param index="0">
              <value>
                <![CDATA[Windows]]>
              </value>
            </param>
            <param index="1">
              <value>
                <![CDATA[chrome]]>
              </value>
            </param>
          </params>
          <reporter-output>
          </reporter-output>
        </test-method> <!-- setup -->
        <test-method signature="mobilePage()[pri:3, instance:testCases.TC003_SearchProduct@3044e9c7]" started-at="2024-09-14T17:46:46 IST" name="mobilePage" finished-at="2024-09-14T17:47:19 IST" duration-ms="33105" status="PASS">
          <reporter-output>
          </reporter-output>
        </test-method> <!-- mobilePage -->
        <test-method is-config="true" signature="teardown()[pri:0, instance:testCases.TC003_SearchProduct@3044e9c7]" started-at="2024-09-14T17:47:19 IST" name="teardown" finished-at="2024-09-14T17:47:27 IST" duration-ms="8222" status="PASS">
          <reporter-output>
          </reporter-output>
        </test-method> <!-- teardown -->
      </class> <!-- testCases.TC003_SearchProduct -->
    </test> <!-- Test -->
  </suite> <!-- Master Suite -->
</testng-results>
